Compiling the C compiler identification source file "CMakeCCompilerId.c" failed.
Compiler: /usr/bin/eosio-cc 
Build flags: ;-O3;
Id flags:  

The output was:
255
/usr/opt/eosio.cdt/1.7.0/bin/wasm-ld: error: fatal failure: contract with no actions and trying to create dispatcher


Compiling the CXX compiler identification source file "CMakeCXXCompilerId.cpp" failed.
Compiler: /usr/bin/eosio-cpp 
Build flags: ;-O3;
Id flags:  

The output was:
255
/usr/opt/eosio.cdt/1.7.0/bin/wasm-ld: error: fatal failure: contract with no actions and trying to create dispatcher


Detecting C compiler ABI info failed to compile with the following output:
Change Dir: /contracts/prove/build/prove/CMakeFiles/CMakeTmp

Run Build Command:"/usr/bin/make" "cmTC_2f211/fast"
make[3]: Entering directory '/contracts/prove/build/prove/CMakeFiles/CMakeTmp'
/usr/bin/make -f CMakeFiles/cmTC_2f211.dir/build.make CMakeFiles/cmTC_2f211.dir/build
make[4]: Entering directory '/contracts/prove/build/prove/CMakeFiles/CMakeTmp'
Building C object CMakeFiles/cmTC_2f211.dir/CMakeCCompilerABI.c.obj
/usr/bin/eosio-cc    -o CMakeFiles/cmTC_2f211.dir/CMakeCCompilerABI.c.obj   -c /usr/share/cmake-3.10/Modules/CMakeCCompilerABI.c
Linking C executable cmTC_2f211.wasm
/usr/bin/cmake -E cmake_link_script CMakeFiles/cmTC_2f211.dir/link.txt --verbose=1
/usr/bin/eosio-ld  -v CMakeFiles/cmTC_2f211.dir/CMakeCCompilerABI.c.obj -o cmTC_2f211.wasm 
eosio-ld: Unknown command line argument '-v'.  Try: '/usr/bin/eosio-ld -help'
eosio-ld: Did you mean '-L'?
CMakeFiles/cmTC_2f211.dir/build.make:97: recipe for target 'cmTC_2f211.wasm' failed
make[4]: *** [cmTC_2f211.wasm] Error 1
make[4]: Leaving directory '/contracts/prove/build/prove/CMakeFiles/CMakeTmp'
Makefile:126: recipe for target 'cmTC_2f211/fast' failed
make[3]: *** [cmTC_2f211/fast] Error 2
make[3]: Leaving directory '/contracts/prove/build/prove/CMakeFiles/CMakeTmp'



Detecting C [-std=c11] compiler features failed to compile with the following output:
Change Dir: /contracts/prove/build/prove/CMakeFiles/CMakeTmp

Run Build Command:"/usr/bin/make" "cmTC_f18c6/fast"
make[3]: Entering directory '/contracts/prove/build/prove/CMakeFiles/CMakeTmp'
/usr/bin/make -f CMakeFiles/cmTC_f18c6.dir/build.make CMakeFiles/cmTC_f18c6.dir/build
make[4]: Entering directory '/contracts/prove/build/prove/CMakeFiles/CMakeTmp'
Building C object CMakeFiles/cmTC_f18c6.dir/feature_tests.c.obj
/usr/bin/eosio-cc   -std=c11 -o CMakeFiles/cmTC_f18c6.dir/feature_tests.c.obj   -c /contracts/prove/build/prove/CMakeFiles/feature_tests.c
eosio-cc: Unknown command line argument '-std=c11'.  Try: '/usr/bin/eosio-cc -help'
eosio-cc: Did you mean '-w=c11'?
CMakeFiles/cmTC_f18c6.dir/build.make:65: recipe for target 'CMakeFiles/cmTC_f18c6.dir/feature_tests.c.obj' failed
make[4]: *** [CMakeFiles/cmTC_f18c6.dir/feature_tests.c.obj] Error 1
make[4]: Leaving directory '/contracts/prove/build/prove/CMakeFiles/CMakeTmp'
Makefile:126: recipe for target 'cmTC_f18c6/fast' failed
make[3]: *** [cmTC_f18c6/fast] Error 2
make[3]: Leaving directory '/contracts/prove/build/prove/CMakeFiles/CMakeTmp'



Detecting CXX compiler ABI info failed to compile with the following output:
Change Dir: /contracts/prove/build/prove/CMakeFiles/CMakeTmp

Run Build Command:"/usr/bin/make" "cmTC_cdb14/fast"
make[3]: Entering directory '/contracts/prove/build/prove/CMakeFiles/CMakeTmp'
/usr/bin/make -f CMakeFiles/cmTC_cdb14.dir/build.make CMakeFiles/cmTC_cdb14.dir/build
make[4]: Entering directory '/contracts/prove/build/prove/CMakeFiles/CMakeTmp'
Building CXX object CMakeFiles/cmTC_cdb14.dir/CMakeCXXCompilerABI.cpp.obj
/usr/bin/eosio-cpp     -o CMakeFiles/cmTC_cdb14.dir/CMakeCXXCompilerABI.cpp.obj -c /usr/share/cmake-3.10/Modules/CMakeCXXCompilerABI.cpp
Linking CXX executable cmTC_cdb14.wasm
/usr/bin/cmake -E cmake_link_script CMakeFiles/cmTC_cdb14.dir/link.txt --verbose=1
/usr/bin/eosio-ld  -v CMakeFiles/cmTC_cdb14.dir/CMakeCXXCompilerABI.cpp.obj -o cmTC_cdb14.wasm 
eosio-ld: Unknown command line argument '-v'.  Try: '/usr/bin/eosio-ld -help'
eosio-ld: Did you mean '-L'?
CMakeFiles/cmTC_cdb14.dir/build.make:97: recipe for target 'cmTC_cdb14.wasm' failed
make[4]: *** [cmTC_cdb14.wasm] Error 1
make[4]: Leaving directory '/contracts/prove/build/prove/CMakeFiles/CMakeTmp'
Makefile:126: recipe for target 'cmTC_cdb14/fast' failed
make[3]: *** [cmTC_cdb14/fast] Error 2
make[3]: Leaving directory '/contracts/prove/build/prove/CMakeFiles/CMakeTmp'



Detecting CXX [-std=c++1z] compiler features failed to compile with the following output:
Change Dir: /contracts/prove/build/prove/CMakeFiles/CMakeTmp

Run Build Command:"/usr/bin/make" "cmTC_702e3/fast"
make[3]: Entering directory '/contracts/prove/build/prove/CMakeFiles/CMakeTmp'
/usr/bin/make -f CMakeFiles/cmTC_702e3.dir/build.make CMakeFiles/cmTC_702e3.dir/build
make[4]: Entering directory '/contracts/prove/build/prove/CMakeFiles/CMakeTmp'
Building CXX object CMakeFiles/cmTC_702e3.dir/feature_tests.cxx.obj
/usr/bin/eosio-cpp    -std=c++1z -o CMakeFiles/cmTC_702e3.dir/feature_tests.cxx.obj -c /contracts/prove/build/prove/CMakeFiles/feature_tests.cxx
Linking CXX executable cmTC_702e3.wasm
/usr/bin/cmake -E cmake_link_script CMakeFiles/cmTC_702e3.dir/link.txt --verbose=1
/usr/bin/eosio-ld   CMakeFiles/cmTC_702e3.dir/feature_tests.cxx.obj -o cmTC_702e3.wasm 
/usr/opt/eosio.cdt/1.7.0/bin/wasm-ld: error: fatal failure: contract with no actions and trying to create dispatcher
CMakeFiles/cmTC_702e3.dir/build.make:97: recipe for target 'cmTC_702e3.wasm' failed
make[4]: *** [cmTC_702e3.wasm] Error 255
make[4]: Leaving directory '/contracts/prove/build/prove/CMakeFiles/CMakeTmp'
Makefile:126: recipe for target 'cmTC_702e3/fast' failed
make[3]: *** [cmTC_702e3/fast] Error 2
make[3]: Leaving directory '/contracts/prove/build/prove/CMakeFiles/CMakeTmp'



